# JRE version: OpenJDK Runtime Environment Microsoft-10800295 (17.0.14+7) (build 17.0.14+7-LTS)
# Java VM: OpenJDK 64-Bit Server VM Microsoft-10800295 (17.0.14+7-LTS, mixed mode, sharing, tiered, compressed oops, compressed class ptrs, parallel gc, windows-amd64)
GC Precious Log:
 CPUs: 16 total, 16 available
 Memory: 16095M
 Large Page Support: Disabled
 NUMA Support: Disabled
 Compressed Oops: Enabled (32-bit)
 Alignments: Space 512K, Generation 512K, Heap 2M
 Heap Min Capacity: 8M
 Heap Initial Capacity: 252M
 Heap Max Capacity: 2G
 Pre-touch: Disabled
 Parallel Workers: 13
Heap:
 PSYoungGen      total 648704K, used 610485K [0x00000000d5580000, 0x0000000100000000, 0x0000000100000000)
  eden space 614912K, 99% used [0x00000000d5580000,0x00000000fa9ad4f0,0x00000000fae00000)
  from space 33792K, 0% used [0x00000000fdf00000,0x00000000fdf00000,0x0000000100000000)
  to   space 41984K, 0% used [0x00000000fae00000,0x00000000fae00000,0x00000000fd700000)
 ParOldGen       total 172032K, used 105980K [0x0000000080000000, 0x000000008a800000, 0x00000000d5580000)
  object space 172032K, 61% used [0x0000000080000000,0x000000008677f210,0x000000008a800000)
 Metaspace       used 111428K, committed 112448K, reserved 1179648K
  class space    used 14915K, committed 15424K, reserved 1048576K
GC Heap History (20 events):
Event: 4.908 GC heap before
{Heap before GC invocations=5 (full 1):
 PSYoungGen      total 139776K, used 9928K [0x00000000d5580000, 0x00000000de880000, 0x0000000100000000)
  eden space 129024K, 0% used [0x00000000d5580000,0x00000000d5580000,0x00000000dd380000)
  from space 10752K, 92% used [0x00000000dde00000,0x00000000de7b2130,0x00000000de880000)
  to   space 10752K, 0% used [0x00000000dd380000,0x00000000dd380000,0x00000000dde00000)
 ParOldGen       total 172032K, used 13032K [0x0000000080000000, 0x000000008a800000, 0x00000000d5580000)
  object space 172032K, 7% used [0x0000000080000000,0x0000000080cba0f8,0x000000008a800000)
 Metaspace       used 21192K, committed 21504K, reserved 1114112K
  class space    used 3061K, committed 3200K, reserved 1048576K
}
Event: 4.937 GC heap after
{Heap after GC invocations=5 (full 1):
 PSYoungGen      total 139776K, used 0K [0x00000000d5580000, 0x00000000de880000, 0x0000000100000000)
  eden space 129024K, 0% used [0x00000000d5580000,0x00000000d5580000,0x00000000dd380000)
  from space 10752K, 0% used [0x00000000dde00000,0x00000000dde00000,0x00000000de880000)
  to   space 10752K, 0% used [0x00000000dd380000,0x00000000dd380000,0x00000000dde00000)
 ParOldGen       total 172032K, used 22193K [0x0000000080000000, 0x000000008a800000, 0x00000000d5580000)
  object space 172032K, 12% used [0x0000000080000000,0x00000000815ac798,0x000000008a800000)
 Metaspace       used 21192K, committed 21504K, reserved 1114112K
  class space    used 3061K, committed 3200K, reserved 1048576K
}
Event: 8.309 GC heap before
{Heap before GC invocations=6 (full 1):
 PSYoungGen      total 139776K, used 129024K [0x00000000d5580000, 0x00000000de880000, 0x0000000100000000)
  eden space 129024K, 100% used [0x00000000d5580000,0x00000000dd380000,0x00000000dd380000)
  from space 10752K, 0% used [0x00000000dde00000,0x00000000dde00000,0x00000000de880000)
  to   space 10752K, 0% used [0x00000000dd380000,0x00000000dd380000,0x00000000dde00000)
 ParOldGen       total 172032K, used 22193K [0x0000000080000000, 0x000000008a800000, 0x00000000d5580000)
  object space 172032K, 12% used [0x0000000080000000,0x00000000815ac798,0x000000008a800000)
 Metaspace       used 33834K, committed 34368K, reserved 1114112K
  class space    used 4743K, committed 4992K, reserved 1048576K
}
Event: 8.315 GC heap after
{Heap after GC invocations=6 (full 1):
 PSYoungGen      total 139776K, used 7488K [0x00000000d5580000, 0x00000000e7680000, 0x0000000100000000)
  eden space 129024K, 0% used [0x00000000d5580000,0x00000000d5580000,0x00000000dd380000)
  from space 10752K, 69% used [0x00000000dd380000,0x00000000ddad0358,0x00000000dde00000)
  to   space 18944K, 0% used [0x00000000e6400000,0x00000000e6400000,0x00000000e7680000)
 ParOldGen       total 172032K, used 22201K [0x0000000080000000, 0x000000008a800000, 0x00000000d5580000)
  object space 172032K, 12% used [0x0000000080000000,0x00000000815ae798,0x000000008a800000)
 Metaspace       used 33834K, committed 34368K, reserved 1114112K
  class space    used 4743K, committed 4992K, reserved 1048576K
}
Event: 8.727 GC heap before
{Heap before GC invocations=7 (full 1):
 PSYoungGen      total 139776K, used 22798K [0x00000000d5580000, 0x00000000e7680000, 0x0000000100000000)
  eden space 129024K, 11% used [0x00000000d5580000,0x00000000d6473888,0x00000000dd380000)
  from space 10752K, 69% used [0x00000000dd380000,0x00000000ddad0358,0x00000000dde00000)
  to   space 18944K, 0% used [0x00000000e6400000,0x00000000e6400000,0x00000000e7680000)
 ParOldGen       total 172032K, used 22201K [0x0000000080000000, 0x000000008a800000, 0x00000000d5580000)
  object space 172032K, 12% used [0x0000000080000000,0x00000000815ae798,0x000000008a800000)
 Metaspace       used 35381K, committed 35840K, reserved 1114112K
  class space    used 4997K, committed 5248K, reserved 1048576K
}
Event: 8.734 GC heap after
{Heap after GC invocations=7 (full 1):
 PSYoungGen      total 276992K, used 8024K [0x00000000d5580000, 0x00000000e7680000, 0x0000000100000000)
  eden space 258048K, 0% used [0x00000000d5580000,0x00000000d5580000,0x00000000e5180000)
  from space 18944K, 42% used [0x00000000e6400000,0x00000000e6bd6208,0x00000000e7680000)
  to   space 18944K, 0% used [0x00000000e5180000,0x00000000e5180000,0x00000000e6400000)
 ParOldGen       total 172032K, used 22209K [0x0000000080000000, 0x000000008a800000, 0x00000000d5580000)
  object space 172032K, 12% used [0x0000000080000000,0x00000000815b0798,0x000000008a800000)
 Metaspace       used 35381K, committed 35840K, reserved 1114112K
  class space    used 4997K, committed 5248K, reserved 1048576K
}
Event: 8.734 GC heap before
{Heap before GC invocations=8 (full 2):
 PSYoungGen      total 276992K, used 8024K [0x00000000d5580000, 0x00000000e7680000, 0x0000000100000000)
  eden space 258048K, 0% used [0x00000000d5580000,0x00000000d5580000,0x00000000e5180000)
  from space 18944K, 42% used [0x00000000e6400000,0x00000000e6bd6208,0x00000000e7680000)
  to   space 18944K, 0% used [0x00000000e5180000,0x00000000e5180000,0x00000000e6400000)
 ParOldGen       total 172032K, used 22209K [0x0000000080000000, 0x000000008a800000, 0x00000000d5580000)
  object space 172032K, 12% used [0x0000000080000000,0x00000000815b0798,0x000000008a800000)
 Metaspace       used 35381K, committed 35840K, reserved 1114112K
  class space    used 4997K, committed 5248K, reserved 1048576K
}
Event: 8.774 GC heap after
{Heap after GC invocations=8 (full 2):
 PSYoungGen      total 276992K, used 0K [0x00000000d5580000, 0x00000000e7680000, 0x0000000100000000)
  eden space 258048K, 0% used [0x00000000d5580000,0x00000000d5580000,0x00000000e5180000)
  from space 18944K, 0% used [0x00000000e6400000,0x00000000e6400000,0x00000000e7680000)
  to   space 18944K, 0% used [0x00000000e5180000,0x00000000e5180000,0x00000000e6400000)
 ParOldGen       total 172032K, used 29714K [0x0000000080000000, 0x000000008a800000, 0x00000000d5580000)
  object space 172032K, 17% used [0x0000000080000000,0x0000000081d04928,0x000000008a800000)
 Metaspace       used 35381K, committed 35840K, reserved 1114112K
  class space    used 4997K, committed 5248K, reserved 1048576K
}
Event: 12.462 GC heap before
{Heap before GC invocations=9 (full 2):
 PSYoungGen      total 276992K, used 258048K [0x00000000d5580000, 0x00000000e7680000, 0x0000000100000000)
  eden space 258048K, 100% used [0x00000000d5580000,0x00000000e5180000,0x00000000e5180000)
  from space 18944K, 0% used [0x00000000e6400000,0x00000000e6400000,0x00000000e7680000)
  to   space 18944K, 0% used [0x00000000e5180000,0x00000000e5180000,0x00000000e6400000)
 ParOldGen       total 172032K, used 29714K [0x0000000080000000, 0x000000008a800000, 0x00000000d5580000)
  object space 172032K, 17% used [0x0000000080000000,0x0000000081d04928,0x000000008a800000)
 Metaspace       used 51597K, committed 52224K, reserved 1114112K
  class space    used 7246K, committed 7552K, reserved 1048576K
}
Event: 12.473 GC heap after
{Heap after GC invocations=9 (full 2):
 PSYoungGen      total 276992K, used 13604K [0x00000000d5580000, 0x00000000f7280000, 0x0000000100000000)
  eden space 258048K, 0% used [0x00000000d5580000,0x00000000d5580000,0x00000000e5180000)
  from space 18944K, 71% used [0x00000000e5180000,0x00000000e5ec9298,0x00000000e6400000)
  to   space 18944K, 0% used [0x00000000f6000000,0x00000000f6000000,0x00000000f7280000)
 ParOldGen       total 172032K, used 29722K [0x0000000080000000, 0x000000008a800000, 0x00000000d5580000)
  object space 172032K, 17% used [0x0000000080000000,0x0000000081d06928,0x000000008a800000)
 Metaspace       used 51597K, committed 52224K, reserved 1114112K
  class space    used 7246K, committed 7552K, reserved 1048576K
}
Event: 14.596 GC heap before
{Heap before GC invocations=10 (full 2):
 PSYoungGen      total 276992K, used 205271K [0x00000000d5580000, 0x00000000f7280000, 0x0000000100000000)
  eden space 258048K, 74% used [0x00000000d5580000,0x00000000e10aca68,0x00000000e5180000)
  from space 18944K, 71% used [0x00000000e5180000,0x00000000e5ec9298,0x00000000e6400000)
  to   space 18944K, 0% used [0x00000000f6000000,0x00000000f6000000,0x00000000f7280000)
 ParOldGen       total 172032K, used 29722K [0x0000000080000000, 0x000000008a800000, 0x00000000d5580000)
  object space 172032K, 17% used [0x0000000080000000,0x0000000081d06928,0x000000008a800000)
 Metaspace       used 59167K, committed 59776K, reserved 1114112K
  class space    used 8080K, committed 8384K, reserved 1048576K
}
Event: 14.617 GC heap after
{Heap after GC invocations=10 (full 2):
 PSYoungGen      total 525824K, used 18934K [0x00000000d5580000, 0x00000000f8480000, 0x0000000100000000)
  eden space 506880K, 0% used [0x00000000d5580000,0x00000000d5580000,0x00000000f4480000)
  from space 18944K, 99% used [0x00000000f6000000,0x00000000f727d988,0x00000000f7280000)
  to   space 28160K, 0% used [0x00000000f4480000,0x00000000f4480000,0x00000000f6000000)
 ParOldGen       total 172032K, used 45215K [0x0000000080000000, 0x000000008a800000, 0x00000000d5580000)
  object space 172032K, 26% used [0x0000000080000000,0x0000000082c27ef0,0x000000008a800000)
 Metaspace       used 59167K, committed 59776K, reserved 1114112K
  class space    used 8080K, committed 8384K, reserved 1048576K
}
Event: 14.617 GC heap before
{Heap before GC invocations=11 (full 3):
 PSYoungGen      total 525824K, used 18934K [0x00000000d5580000, 0x00000000f8480000, 0x0000000100000000)
  eden space 506880K, 0% used [0x00000000d5580000,0x00000000d5580000,0x00000000f4480000)
  from space 18944K, 99% used [0x00000000f6000000,0x00000000f727d988,0x00000000f7280000)
  to   space 28160K, 0% used [0x00000000f4480000,0x00000000f4480000,0x00000000f6000000)
 ParOldGen       total 172032K, used 45215K [0x0000000080000000, 0x000000008a800000, 0x00000000d5580000)
  object space 172032K, 26% used [0x0000000080000000,0x0000000082c27ef0,0x000000008a800000)
 Metaspace       used 59167K, committed 59776K, reserved 1114112K
  class space    used 8080K, committed 8384K, reserved 1048576K
}
Event: 14.704 GC heap after
{Heap after GC invocations=11 (full 3):
 PSYoungGen      total 525824K, used 0K [0x00000000d5580000, 0x00000000f8480000, 0x0000000100000000)
  eden space 506880K, 0% used [0x00000000d5580000,0x00000000d5580000,0x00000000f4480000)
  from space 18944K, 0% used [0x00000000f6000000,0x00000000f6000000,0x00000000f7280000)
  to   space 28160K, 0% used [0x00000000f4480000,0x00000000f4480000,0x00000000f6000000)
 ParOldGen       total 172032K, used 62736K [0x0000000080000000, 0x000000008a800000, 0x00000000d5580000)
  object space 172032K, 36% used [0x0000000080000000,0x0000000083d44010,0x000000008a800000)
 Metaspace       used 59167K, committed 59776K, reserved 1114112K
  class space    used 8080K, committed 8384K, reserved 1048576K
}
Event: 22.977 GC heap before
{Heap before GC invocations=12 (full 3):
 PSYoungGen      total 525824K, used 506880K [0x00000000d5580000, 0x00000000f8480000, 0x0000000100000000)
  eden space 506880K, 100% used [0x00000000d5580000,0x00000000f4480000,0x00000000f4480000)
  from space 18944K, 0% used [0x00000000f6000000,0x00000000f6000000,0x00000000f7280000)
  to   space 28160K, 0% used [0x00000000f4480000,0x00000000f4480000,0x00000000f6000000)
 ParOldGen       total 172032K, used 62736K [0x0000000080000000, 0x000000008a800000, 0x00000000d5580000)
  object space 172032K, 36% used [0x0000000080000000,0x0000000083d44010,0x000000008a800000)
 Metaspace       used 92779K, committed 93632K, reserved 1179648K
  class space    used 12859K, committed 13248K, reserved 1048576K
}
Event: 23.004 GC heap after
{Heap after GC invocations=12 (full 3):
 PSYoungGen      total 535040K, used 28141K [0x00000000d5580000, 0x0000000100000000, 0x0000000100000000)
  eden space 506880K, 0% used [0x00000000d5580000,0x00000000d5580000,0x00000000f4480000)
  from space 28160K, 99% used [0x00000000f4480000,0x00000000f5ffb668,0x00000000f6000000)
  to   space 33792K, 0% used [0x00000000fdf00000,0x00000000fdf00000,0x0000000100000000)
 ParOldGen       total 172032K, used 66177K [0x0000000080000000, 0x000000008a800000, 0x00000000d5580000)
  object space 172032K, 38% used [0x0000000080000000,0x00000000840a0770,0x000000008a800000)
 Metaspace       used 92779K, committed 93632K, reserved 1179648K
  class space    used 12859K, committed 13248K, reserved 1048576K
}
Event: 26.771 GC heap before
{Heap before GC invocations=13 (full 3):
 PSYoungGen      total 535040K, used 382398K [0x00000000d5580000, 0x0000000100000000, 0x0000000100000000)
  eden space 506880K, 69% used [0x00000000d5580000,0x00000000eaf741a0,0x00000000f4480000)
  from space 28160K, 99% used [0x00000000f4480000,0x00000000f5ffb668,0x00000000f6000000)
  to   space 33792K, 0% used [0x00000000fdf00000,0x00000000fdf00000,0x0000000100000000)
 ParOldGen       total 172032K, used 66177K [0x0000000080000000, 0x000000008a800000, 0x00000000d5580000)
  object space 172032K, 38% used [0x0000000080000000,0x00000000840a0770,0x000000008a800000)
 Metaspace       used 98794K, committed 99648K, reserved 1179648K
  class space    used 13589K, committed 14016K, reserved 1048576K
}
Event: 26.800 GC heap after
{Heap after GC invocations=13 (full 3):
 PSYoungGen      total 648704K, used 33769K [0x00000000d5580000, 0x0000000100000000, 0x0000000100000000)
  eden space 614912K, 0% used [0x00000000d5580000,0x00000000d5580000,0x00000000fae00000)
  from space 33792K, 99% used [0x00000000fdf00000,0x00000000ffffa7c8,0x0000000100000000)
  to   space 41984K, 0% used [0x00000000fae00000,0x00000000fae00000,0x00000000fd700000)
 ParOldGen       total 172032K, used 75399K [0x0000000080000000, 0x000000008a800000, 0x00000000d5580000)
  object space 172032K, 43% used [0x0000000080000000,0x00000000849a1ff0,0x000000008a800000)
 Metaspace       used 98794K, committed 99648K, reserved 1179648K
  class space    used 13589K, committed 14016K, reserved 1048576K
}
Event: 26.800 GC heap before
{Heap before GC invocations=14 (full 4):
 PSYoungGen      total 648704K, used 33769K [0x00000000d5580000, 0x0000000100000000, 0x0000000100000000)
  eden space 614912K, 0% used [0x00000000d5580000,0x00000000d5580000,0x00000000fae00000)
  from space 33792K, 99% used [0x00000000fdf00000,0x00000000ffffa7c8,0x0000000100000000)
  to   space 41984K, 0% used [0x00000000fae00000,0x00000000fae00000,0x00000000fd700000)
 ParOldGen       total 172032K, used 75399K [0x0000000080000000, 0x000000008a800000, 0x00000000d5580000)
  object space 172032K, 43% used [0x0000000080000000,0x00000000849a1ff0,0x000000008a800000)
 Metaspace       used 98794K, committed 99648K, reserved 1179648K
  class space    used 13589K, committed 14016K, reserved 1048576K
}
Event: 26.904 GC heap after
{Heap after GC invocations=14 (full 4):
 PSYoungGen      total 648704K, used 0K [0x00000000d5580000, 0x0000000100000000, 0x0000000100000000)
  eden space 614912K, 0% used [0x00000000d5580000,0x00000000d5580000,0x00000000fae00000)
  from space 33792K, 0% used [0x00000000fdf00000,0x00000000fdf00000,0x0000000100000000)
  to   space 41984K, 0% used [0x00000000fae00000,0x00000000fae00000,0x00000000fd700000)
 ParOldGen       total 172032K, used 105980K [0x0000000080000000, 0x000000008a800000, 0x00000000d5580000)
  object space 172032K, 61% used [0x0000000080000000,0x000000008677f210,0x000000008a800000)
 Metaspace       used 98794K, committed 99648K, reserved 1179648K
  class space    used 13589K, committed 14016K, reserved 1048576K
}

