# JRE version: OpenJDK Runtime Environment Microsoft-10800295 (17.0.14+7) (build 17.0.14+7-LTS)
# Java VM: OpenJDK 64-Bit Server VM Microsoft-10800295 (17.0.14+7-LTS, mixed mode, sharing, tiered, compressed oops, compressed class ptrs, parallel gc, windows-amd64)
GC Precious Log:
 CPUs: 16 total, 16 available
 Memory: 16095M
 Large Page Support: Disabled
 NUMA Support: Disabled
 Compressed Oops: Enabled (32-bit)
 Alignments: Space 512K, Generation 512K, Heap 2M
 Heap Min Capacity: 8M
 Heap Initial Capacity: 252M
 Heap Max Capacity: 2G
 Pre-touch: Disabled
 Parallel Workers: 13
Heap:
 PSYoungGen      total 255488K, used 41059K [0x00000000d5580000, 0x00000000eac80000, 0x0000000100000000)
  eden space 245760K, 12% used [0x00000000d5580000,0x00000000d741baf0,0x00000000e4580000)
  from space 9728K, 99% used [0x00000000ea300000,0x00000000eac7d1e8,0x00000000eac80000)
  to   space 27648K, 0% used [0x00000000e7680000,0x00000000e7680000,0x00000000e9180000)
 ParOldGen       total 249344K, used 204605K [0x0000000080000000, 0x000000008f380000, 0x00000000d5580000)
  object space 249344K, 82% used [0x0000000080000000,0x000000008c7cf788,0x000000008f380000)
 Metaspace       used 142601K, committed 144000K, reserved 1179648K
  class space    used 19119K, committed 19840K, reserved 1048576K
GC Heap History (20 events):
Event: 610.683 GC heap before
{Heap before GC invocations=47 (full 6):
 PSYoungGen      total 177152K, used 159712K [0x00000000d5580000, 0x00000000e1880000, 0x0000000100000000)
  eden space 155648K, 100% used [0x00000000d5580000,0x00000000ded80000,0x00000000ded80000)
  from space 21504K, 18% used [0x00000000e0380000,0x00000000e0778000,0x00000000e1880000)
  to   space 22016K, 0% used [0x00000000ded80000,0x00000000ded80000,0x00000000e0300000)
 ParOldGen       total 249344K, used 167582K [0x0000000080000000, 0x000000008f380000, 0x00000000d5580000)
  object space 249344K, 67% used [0x0000000080000000,0x000000008a3a7bb8,0x000000008f380000)
 Metaspace       used 140894K, committed 142272K, reserved 1179648K
  class space    used 19044K, committed 19712K, reserved 1048576K
}
Event: 610.688 GC heap after
{Heap after GC invocations=47 (full 6):
 PSYoungGen      total 177664K, used 3104K [0x00000000d5580000, 0x00000000e3900000, 0x0000000100000000)
  eden space 155648K, 0% used [0x00000000d5580000,0x00000000d5580000,0x00000000ded80000)
  from space 22016K, 14% used [0x00000000ded80000,0x00000000df088000,0x00000000e0300000)
  to   space 22016K, 0% used [0x00000000e2380000,0x00000000e2380000,0x00000000e3900000)
 ParOldGen       total 249344K, used 169403K [0x0000000080000000, 0x000000008f380000, 0x00000000d5580000)
  object space 249344K, 67% used [0x0000000080000000,0x000000008a56ef18,0x000000008f380000)
 Metaspace       used 140894K, committed 142272K, reserved 1179648K
  class space    used 19044K, committed 19712K, reserved 1048576K
}
Event: 611.033 GC heap before
{Heap before GC invocations=48 (full 6):
 PSYoungGen      total 177664K, used 158752K [0x00000000d5580000, 0x00000000e3900000, 0x0000000100000000)
  eden space 155648K, 100% used [0x00000000d5580000,0x00000000ded80000,0x00000000ded80000)
  from space 22016K, 14% used [0x00000000ded80000,0x00000000df088000,0x00000000e0300000)
  to   space 22016K, 0% used [0x00000000e2380000,0x00000000e2380000,0x00000000e3900000)
 ParOldGen       total 249344K, used 169403K [0x0000000080000000, 0x000000008f380000, 0x00000000d5580000)
  object space 249344K, 67% used [0x0000000080000000,0x000000008a56ef18,0x000000008f380000)
 Metaspace       used 140996K, committed 142336K, reserved 1179648K
  class space    used 19044K, committed 19712K, reserved 1048576K
}
Event: 611.037 GC heap after
{Heap after GC invocations=48 (full 6):
 PSYoungGen      total 209920K, used 3584K [0x00000000d5580000, 0x00000000e3800000, 0x0000000100000000)
  eden space 188928K, 0% used [0x00000000d5580000,0x00000000d5580000,0x00000000e0e00000)
  from space 20992K, 17% used [0x00000000e2380000,0x00000000e2700000,0x00000000e3800000)
  to   space 21504K, 0% used [0x00000000e0e00000,0x00000000e0e00000,0x00000000e2300000)
 ParOldGen       total 249344K, used 170171K [0x0000000080000000, 0x000000008f380000, 0x00000000d5580000)
  object space 249344K, 68% used [0x0000000080000000,0x000000008a62ee78,0x000000008f380000)
 Metaspace       used 140996K, committed 142336K, reserved 1179648K
  class space    used 19044K, committed 19712K, reserved 1048576K
}
Event: 611.473 GC heap before
{Heap before GC invocations=49 (full 6):
 PSYoungGen      total 209920K, used 192512K [0x00000000d5580000, 0x00000000e3800000, 0x0000000100000000)
  eden space 188928K, 100% used [0x00000000d5580000,0x00000000e0e00000,0x00000000e0e00000)
  from space 20992K, 17% used [0x00000000e2380000,0x00000000e2700000,0x00000000e3800000)
  to   space 21504K, 0% used [0x00000000e0e00000,0x00000000e0e00000,0x00000000e2300000)
 ParOldGen       total 249344K, used 170171K [0x0000000080000000, 0x000000008f380000, 0x00000000d5580000)
  object space 249344K, 68% used [0x0000000080000000,0x000000008a62ee78,0x000000008f380000)
 Metaspace       used 141015K, committed 142336K, reserved 1179648K
  class space    used 19044K, committed 19712K, reserved 1048576K
}
Event: 611.478 GC heap after
{Heap after GC invocations=49 (full 6):
 PSYoungGen      total 210432K, used 4336K [0x00000000d5580000, 0x00000000e5d80000, 0x0000000100000000)
  eden space 188928K, 0% used [0x00000000d5580000,0x00000000d5580000,0x00000000e0e00000)
  from space 21504K, 20% used [0x00000000e0e00000,0x00000000e123c010,0x00000000e2300000)
  to   space 20480K, 0% used [0x00000000e4980000,0x00000000e4980000,0x00000000e5d80000)
 ParOldGen       total 249344K, used 170895K [0x0000000080000000, 0x000000008f380000, 0x00000000d5580000)
  object space 249344K, 68% used [0x0000000080000000,0x000000008a6e3ff0,0x000000008f380000)
 Metaspace       used 141015K, committed 142336K, reserved 1179648K
  class space    used 19044K, committed 19712K, reserved 1048576K
}
Event: 612.046 GC heap before
{Heap before GC invocations=50 (full 6):
 PSYoungGen      total 210432K, used 193264K [0x00000000d5580000, 0x00000000e5d80000, 0x0000000100000000)
  eden space 188928K, 100% used [0x00000000d5580000,0x00000000e0e00000,0x00000000e0e00000)
  from space 21504K, 20% used [0x00000000e0e00000,0x00000000e123c010,0x00000000e2300000)
  to   space 20480K, 0% used [0x00000000e4980000,0x00000000e4980000,0x00000000e5d80000)
 ParOldGen       total 249344K, used 170895K [0x0000000080000000, 0x000000008f380000, 0x00000000d5580000)
  object space 249344K, 68% used [0x0000000080000000,0x000000008a6e3ff0,0x000000008f380000)
 Metaspace       used 141056K, committed 142400K, reserved 1179648K
  class space    used 19048K, committed 19712K, reserved 1048576K
}
Event: 612.053 GC heap after
{Heap after GC invocations=50 (full 6):
 PSYoungGen      total 246784K, used 5536K [0x00000000d5580000, 0x00000000e5b00000, 0x0000000100000000)
  eden space 228864K, 0% used [0x00000000d5580000,0x00000000d5580000,0x00000000e3500000)
  from space 17920K, 30% used [0x00000000e4980000,0x00000000e4ee8000,0x00000000e5b00000)
  to   space 19456K, 0% used [0x00000000e3500000,0x00000000e3500000,0x00000000e4800000)
 ParOldGen       total 249344K, used 171700K [0x0000000080000000, 0x000000008f380000, 0x00000000d5580000)
  object space 249344K, 68% used [0x0000000080000000,0x000000008a7ad268,0x000000008f380000)
 Metaspace       used 141056K, committed 142400K, reserved 1179648K
  class space    used 19048K, committed 19712K, reserved 1048576K
}
Event: 612.721 GC heap before
{Heap before GC invocations=51 (full 6):
 PSYoungGen      total 246784K, used 234400K [0x00000000d5580000, 0x00000000e5b00000, 0x0000000100000000)
  eden space 228864K, 100% used [0x00000000d5580000,0x00000000e3500000,0x00000000e3500000)
  from space 17920K, 30% used [0x00000000e4980000,0x00000000e4ee8000,0x00000000e5b00000)
  to   space 19456K, 0% used [0x00000000e3500000,0x00000000e3500000,0x00000000e4800000)
 ParOldGen       total 249344K, used 171700K [0x0000000080000000, 0x000000008f380000, 0x00000000d5580000)
  object space 249344K, 68% used [0x0000000080000000,0x000000008a7ad268,0x000000008f380000)
 Metaspace       used 141187K, committed 142528K, reserved 1179648K
  class space    used 19060K, committed 19712K, reserved 1048576K
}
Event: 612.729 GC heap after
{Heap after GC invocations=51 (full 6):
 PSYoungGen      total 248320K, used 8640K [0x00000000d5580000, 0x00000000e8900000, 0x0000000100000000)
  eden space 228864K, 0% used [0x00000000d5580000,0x00000000d5580000,0x00000000e3500000)
  from space 19456K, 44% used [0x00000000e3500000,0x00000000e3d70050,0x00000000e4800000)
  to   space 18944K, 0% used [0x00000000e7680000,0x00000000e7680000,0x00000000e8900000)
 ParOldGen       total 249344K, used 172475K [0x0000000080000000, 0x000000008f380000, 0x00000000d5580000)
  object space 249344K, 69% used [0x0000000080000000,0x000000008a86eee0,0x000000008f380000)
 Metaspace       used 141187K, committed 142528K, reserved 1179648K
  class space    used 19060K, committed 19712K, reserved 1048576K
}
Event: 613.649 GC heap before
{Heap before GC invocations=52 (full 6):
 PSYoungGen      total 248320K, used 237504K [0x00000000d5580000, 0x00000000e8900000, 0x0000000100000000)
  eden space 228864K, 100% used [0x00000000d5580000,0x00000000e3500000,0x00000000e3500000)
  from space 19456K, 44% used [0x00000000e3500000,0x00000000e3d70050,0x00000000e4800000)
  to   space 18944K, 0% used [0x00000000e7680000,0x00000000e7680000,0x00000000e8900000)
 ParOldGen       total 249344K, used 172475K [0x0000000080000000, 0x000000008f380000, 0x00000000d5580000)
  object space 249344K, 69% used [0x0000000080000000,0x000000008a86eee0,0x000000008f380000)
 Metaspace       used 141397K, committed 142656K, reserved 1179648K
  class space    used 19060K, committed 19712K, reserved 1048576K
}
Event: 613.656 GC heap after
{Heap after GC invocations=52 (full 6):
 PSYoungGen      total 292864K, used 6528K [0x00000000d5580000, 0x00000000e8680000, 0x0000000100000000)
  eden space 276480K, 0% used [0x00000000d5580000,0x00000000d5580000,0x00000000e6380000)
  from space 16384K, 39% used [0x00000000e7680000,0x00000000e7ce0020,0x00000000e8680000)
  to   space 17920K, 0% used [0x00000000e6380000,0x00000000e6380000,0x00000000e7500000)
 ParOldGen       total 249344K, used 174735K [0x0000000080000000, 0x000000008f380000, 0x00000000d5580000)
  object space 249344K, 70% used [0x0000000080000000,0x000000008aaa3d70,0x000000008f380000)
 Metaspace       used 141397K, committed 142656K, reserved 1179648K
  class space    used 19060K, committed 19712K, reserved 1048576K
}
Event: 614.802 GC heap before
{Heap before GC invocations=53 (full 6):
 PSYoungGen      total 292864K, used 283008K [0x00000000d5580000, 0x00000000e8680000, 0x0000000100000000)
  eden space 276480K, 100% used [0x00000000d5580000,0x00000000e6380000,0x00000000e6380000)
  from space 16384K, 39% used [0x00000000e7680000,0x00000000e7ce0020,0x00000000e8680000)
  to   space 17920K, 0% used [0x00000000e6380000,0x00000000e6380000,0x00000000e7500000)
 ParOldGen       total 249344K, used 174735K [0x0000000080000000, 0x000000008f380000, 0x00000000d5580000)
  object space 249344K, 70% used [0x0000000080000000,0x000000008aaa3d70,0x000000008f380000)
 Metaspace       used 141521K, committed 142912K, reserved 1179648K
  class space    used 19076K, committed 19776K, reserved 1048576K
}
Event: 614.808 GC heap after
{Heap after GC invocations=53 (full 6):
 PSYoungGen      total 294400K, used 5024K [0x00000000d5580000, 0x00000000ebd00000, 0x0000000100000000)
  eden space 276480K, 0% used [0x00000000d5580000,0x00000000d5580000,0x00000000e6380000)
  from space 17920K, 28% used [0x00000000e6380000,0x00000000e6868030,0x00000000e7500000)
  to   space 17408K, 0% used [0x00000000eac00000,0x00000000eac00000,0x00000000ebd00000)
 ParOldGen       total 249344K, used 176224K [0x0000000080000000, 0x000000008f380000, 0x00000000d5580000)
  object space 249344K, 70% used [0x0000000080000000,0x000000008ac18050,0x000000008f380000)
 Metaspace       used 141521K, committed 142912K, reserved 1179648K
  class space    used 19076K, committed 19776K, reserved 1048576K
}
Event: 626.221 GC heap before
{Heap before GC invocations=54 (full 6):
 PSYoungGen      total 294400K, used 281504K [0x00000000d5580000, 0x00000000ebd00000, 0x0000000100000000)
  eden space 276480K, 100% used [0x00000000d5580000,0x00000000e6380000,0x00000000e6380000)
  from space 17920K, 28% used [0x00000000e6380000,0x00000000e6868030,0x00000000e7500000)
  to   space 17408K, 0% used [0x00000000eac00000,0x00000000eac00000,0x00000000ebd00000)
 ParOldGen       total 249344K, used 176224K [0x0000000080000000, 0x000000008f380000, 0x00000000d5580000)
  object space 249344K, 70% used [0x0000000080000000,0x000000008ac18050,0x000000008f380000)
 Metaspace       used 141757K, committed 143104K, reserved 1179648K
  class space    used 19090K, committed 19776K, reserved 1048576K
}
Event: 626.229 GC heap after
{Heap after GC invocations=54 (full 6):
 PSYoungGen      total 272896K, used 6944K [0x00000000d5580000, 0x00000000eb300000, 0x0000000100000000)
  eden space 265728K, 0% used [0x00000000d5580000,0x00000000d5580000,0x00000000e5900000)
  from space 7168K, 96% used [0x00000000eac00000,0x00000000eb2c8020,0x00000000eb300000)
  to   space 16384K, 0% used [0x00000000e9300000,0x00000000e9300000,0x00000000ea300000)
 ParOldGen       total 249344K, used 178966K [0x0000000080000000, 0x000000008f380000, 0x00000000d5580000)
  object space 249344K, 71% used [0x0000000080000000,0x000000008aec5b58,0x000000008f380000)
 Metaspace       used 141757K, committed 143104K, reserved 1179648K
  class space    used 19090K, committed 19776K, reserved 1048576K
}
Event: 2561.217 GC heap before
{Heap before GC invocations=55 (full 6):
 PSYoungGen      total 272896K, used 272672K [0x00000000d5580000, 0x00000000eb300000, 0x0000000100000000)
  eden space 265728K, 100% used [0x00000000d5580000,0x00000000e5900000,0x00000000e5900000)
  from space 7168K, 96% used [0x00000000eac00000,0x00000000eb2c8020,0x00000000eb300000)
  to   space 16384K, 0% used [0x00000000e9300000,0x00000000e9300000,0x00000000ea300000)
 ParOldGen       total 249344K, used 178966K [0x0000000080000000, 0x000000008f380000, 0x00000000d5580000)
  object space 249344K, 71% used [0x0000000080000000,0x000000008aec5b58,0x000000008f380000)
 Metaspace       used 142465K, committed 143872K, reserved 1179648K
  class space    used 19117K, committed 19840K, reserved 1048576K
}
Event: 2561.240 GC heap after
{Heap after GC invocations=55 (full 6):
 PSYoungGen      total 271872K, used 16368K [0x00000000d5580000, 0x00000000eac80000, 0x0000000100000000)
  eden space 255488K, 0% used [0x00000000d5580000,0x00000000d5580000,0x00000000e4f00000)
  from space 16384K, 99% used [0x00000000e9300000,0x00000000ea2fc030,0x00000000ea300000)
  to   space 9728K, 0% used [0x00000000ea300000,0x00000000ea300000,0x00000000eac80000)
 ParOldGen       total 249344K, used 186673K [0x0000000080000000, 0x000000008f380000, 0x00000000d5580000)
  object space 249344K, 74% used [0x0000000080000000,0x000000008b64c4b0,0x000000008f380000)
 Metaspace       used 142465K, committed 143872K, reserved 1179648K
  class space    used 19117K, committed 19840K, reserved 1048576K
}
Event: 2577.303 GC heap before
{Heap before GC invocations=56 (full 6):
 PSYoungGen      total 271872K, used 271856K [0x00000000d5580000, 0x00000000eac80000, 0x0000000100000000)
  eden space 255488K, 100% used [0x00000000d5580000,0x00000000e4f00000,0x00000000e4f00000)
  from space 16384K, 99% used [0x00000000e9300000,0x00000000ea2fc030,0x00000000ea300000)
  to   space 9728K, 0% used [0x00000000ea300000,0x00000000ea300000,0x00000000eac80000)
 ParOldGen       total 249344K, used 186673K [0x0000000080000000, 0x000000008f380000, 0x00000000d5580000)
  object space 249344K, 74% used [0x0000000080000000,0x000000008b64c4b0,0x000000008f380000)
 Metaspace       used 142599K, committed 144000K, reserved 1179648K
  class space    used 19119K, committed 19840K, reserved 1048576K
}
Event: 2577.326 GC heap after
{Heap after GC invocations=56 (full 6):
 PSYoungGen      total 255488K, used 9716K [0x00000000d5580000, 0x00000000eac80000, 0x0000000100000000)
  eden space 245760K, 0% used [0x00000000d5580000,0x00000000d5580000,0x00000000e4580000)
  from space 9728K, 99% used [0x00000000ea300000,0x00000000eac7d1e8,0x00000000eac80000)
  to   space 27648K, 0% used [0x00000000e7680000,0x00000000e7680000,0x00000000e9180000)
 ParOldGen       total 249344K, used 204605K [0x0000000080000000, 0x000000008f380000, 0x00000000d5580000)
  object space 249344K, 82% used [0x0000000080000000,0x000000008c7cf788,0x000000008f380000)
 Metaspace       used 142599K, committed 144000K, reserved 1179648K
  class space    used 19119K, committed 19840K, reserved 1048576K
}

